Apache Maven 3.0.4
Maven home: /usr/share/maven
Java version: 1.8.0-ea, vendor: Oracle Corporation
Java home: /usr/lib/jvm/java-8-oracle/jre
Default locale: en_US, platform encoding: UTF-8
OS name: "linux", version: "3.8.0-26-generic", arch: "amd64", family: "unix"
[INFO] Error stacktraces are turned on.
[DEBUG] Reading global settings from /usr/share/maven/conf/settings.xml
[DEBUG] Reading user settings from /root/.m2/settings.xml
[DEBUG] Using local repository at /root/.m2/repository
[DEBUG] Using manager EnhancedLocalRepositoryManager with priority 10 for /root/.m2/repository
[INFO] Scanning for projects...
[DEBUG] Extension realms for project com.mycompany.app:my-app:jar:1.0-SNAPSHOT: (none)
[DEBUG] Looking up lifecyle mappings for packaging jar from ClassRealm[plexus.core, parent: null]
[DEBUG] === REACTOR BUILD PLAN ================================================
[DEBUG] Project: com.mycompany.app:my-app:jar:1.0-SNAPSHOT
[DEBUG] Tasks:   [package]
[DEBUG] Style:   Regular
[DEBUG] =======================================================================
[INFO]                                                                         
[INFO] ------------------------------------------------------------------------
[INFO] Building my-app 1.0-SNAPSHOT
[INFO] ------------------------------------------------------------------------
[DEBUG] Lifecycle default -> [validate, initialize, generate-sources, process-sources, generate-resources, process-resources, compile, process-classes, generate-test-sources, process-test-sources, generate-test-resources, process-test-resources, test-compile, process-test-classes, test, prepare-package, package, pre-integration-test, integration-test, post-integration-test, verify, install, deploy]
[DEBUG] Lifecycle clean -> [pre-clean, clean, post-clean]
[DEBUG] Lifecycle site -> [pre-site, site, post-site, site-deploy]
[DEBUG] Lifecycle default -> [validate, initialize, generate-sources, process-sources, generate-resources, process-resources, compile, process-classes, generate-test-sources, process-test-sources, generate-test-resources, process-test-resources, test-compile, process-test-classes, test, prepare-package, package, pre-integration-test, integration-test, post-integration-test, verify, install, deploy]
[DEBUG] Lifecycle clean -> [pre-clean, clean, post-clean]
[DEBUG] Lifecycle site -> [pre-site, site, post-site, site-deploy]
[DEBUG] Lifecycle default -> [validate, initialize, generate-sources, process-sources, generate-resources, process-resources, compile, process-classes, generate-test-sources, process-test-sources, generate-test-resources, process-test-resources, test-compile, process-test-classes, test, prepare-package, package, pre-integration-test, integration-test, post-integration-test, verify, install, deploy]
[DEBUG] Lifecycle clean -> [pre-clean, clean, post-clean]
[DEBUG] Lifecycle site -> [pre-site, site, post-site, site-deploy]
[DEBUG] Lifecycle default -> [validate, initialize, generate-sources, process-sources, generate-resources, process-resources, compile, process-classes, generate-test-sources, process-test-sources, generate-test-resources, process-test-resources, test-compile, process-test-classes, test, prepare-package, package, pre-integration-test, integration-test, post-integration-test, verify, install, deploy]
[DEBUG] Lifecycle clean -> [pre-clean, clean, post-clean]
[DEBUG] Lifecycle site -> [pre-site, site, post-site, site-deploy]
[DEBUG] Lifecycle default -> [validate, initialize, generate-sources, process-sources, generate-resources, process-resources, compile, process-classes, generate-test-sources, process-test-sources, generate-test-resources, process-test-resources, test-compile, process-test-classes, test, prepare-package, package, pre-integration-test, integration-test, post-integration-test, verify, install, deploy]
[DEBUG] Lifecycle clean -> [pre-clean, clean, post-clean]
[DEBUG] Lifecycle site -> [pre-site, site, post-site, site-deploy]
[DEBUG] Lifecycle default -> [validate, initialize, generate-sources, process-sources, generate-resources, process-resources, compile, process-classes, generate-test-sources, process-test-sources, generate-test-resources, process-test-resources, test-compile, process-test-classes, test, prepare-package, package, pre-integration-test, integration-test, post-integration-test, verify, install, deploy]
[DEBUG] Lifecycle clean -> [pre-clean, clean, post-clean]
[DEBUG] Lifecycle site -> [pre-site, site, post-site, site-deploy]
[DEBUG] Lifecycle default -> [validate, initialize, generate-sources, process-sources, generate-resources, process-resources, compile, process-classes, generate-test-sources, process-test-sources, generate-test-resources, process-test-resources, test-compile, process-test-classes, test, prepare-package, package, pre-integration-test, integration-test, post-integration-test, verify, install, deploy]
[DEBUG] Lifecycle clean -> [pre-clean, clean, post-clean]
[DEBUG] Lifecycle site -> [pre-site, site, post-site, site-deploy]
[DEBUG] === PROJECT BUILD PLAN ================================================
[DEBUG] Project:       com.mycompany.app:my-app:1.0-SNAPSHOT
[DEBUG] Dependencies (collect): []
[DEBUG] Dependencies (resolve): [compile, runtime, test]
[DEBUG] Repositories (dependencies): [central (http://repo.maven.apache.org/maven2, releases)]
[DEBUG] Repositories (plugins)     : [central (http://repo.maven.apache.org/maven2, releases)]
[DEBUG] -----------------------------------------------------------------------
[DEBUG] Goal:          org.apache.maven.plugins:maven-resources-plugin:2.3:resources (default-resources)
[DEBUG] Style:         Regular
[DEBUG] Configuration: <?xml version="1.0" encoding="UTF-8"?>
<configuration>
  <encoding default-value="${project.build.sourceEncoding}">${encoding}</encoding>
  <escapeString>${maven.resources.escapeString}</escapeString>
  <filters>${project.build.filters}</filters>
  <includeEmptyDirs default-value="false">${maven.resources.includeEmptyDirs}</includeEmptyDirs>
  <outputDirectory>${project.build.outputDirectory}</outputDirectory>
  <overwrite default-value="false">${maven.resources.overwrite}</overwrite>
  <project>${project}</project>
  <resources>${project.resources}</resources>
  <session>${session}</session>
</configuration>
[DEBUG] -----------------------------------------------------------------------
[DEBUG] Goal:          org.apache.maven.plugins:maven-compiler-plugin:2.0.2:compile (default-compile)
[DEBUG] Style:         Regular
[DEBUG] Configuration: <?xml version="1.0" encoding="UTF-8"?>
<configuration>
  <basedir>${basedir}</basedir>
  <buildDirectory>${project.build.directory}</buildDirectory>
  <classpathElements>${project.compileClasspathElements}</classpathElements>
  <compileSourceRoots>${project.compileSourceRoots}</compileSourceRoots>
  <compilerId default-value="javac">${maven.compiler.compilerId}</compilerId>
  <compilerVersion>${maven.compiler.compilerVersion}</compilerVersion>
  <debug default-value="true">${maven.compiler.debug}</debug>
  <encoding>${maven.compiler.encoding}</encoding>
  <executable>${maven.compiler.executable}</executable>
  <failOnError default-value="true">${maven.compiler.failOnError}</failOnError>
  <fork default-value="false"/>
  <maxmem>${maven.compiler.maxmem}</maxmem>
  <meminitial>${maven.compiler.meminitial}</meminitial>
  <optimize default-value="false">${maven.compiler.optimize}</optimize>
  <outputDirectory>${project.build.outputDirectory}</outputDirectory>
  <outputFileName>${project.build.finalName}</outputFileName>
  <projectArtifact>${project.artifact}</projectArtifact>
  <showDeprecation default-value="false">${maven.compiler.showDeprecation}</showDeprecation>
  <showWarnings default-value="false">${maven.compiler.showWarnings}</showWarnings>
  <source>${maven.compiler.source}</source>
  <staleMillis default-value="0">${lastModGranularityMs}</staleMillis>
  <target>${maven.compiler.target}</target>
  <verbose default-value="false">${maven.compiler.verbose}</verbose>
</configuration>
[DEBUG] -----------------------------------------------------------------------
[DEBUG] Goal:          org.apache.maven.plugins:maven-resources-plugin:2.3:testResources (default-testResources)
[DEBUG] Style:         Regular
[DEBUG] Configuration: <?xml version="1.0" encoding="UTF-8"?>
<configuration>
  <encoding default-value="${project.build.sourceEncoding}">${encoding}</encoding>
  <escapeString>${maven.resources.escapeString}</escapeString>
  <filters>${project.build.filters}</filters>
  <includeEmptyDirs default-value="false">${maven.resources.includeEmptyDirs}</includeEmptyDirs>
  <outputDirectory>${project.build.testOutputDirectory}</outputDirectory>
  <overwrite default-value="false">${maven.resources.overwrite}</overwrite>
  <project>${project}</project>
  <resources>${project.testResources}</resources>
  <session>${session}</session>
</configuration>
[DEBUG] -----------------------------------------------------------------------
[DEBUG] Goal:          org.apache.maven.plugins:maven-compiler-plugin:2.0.2:testCompile (default-testCompile)
[DEBUG] Style:         Regular
[DEBUG] Configuration: <?xml version="1.0" encoding="UTF-8"?>
<configuration>
  <basedir>${basedir}</basedir>
  <buildDirectory>${project.build.directory}</buildDirectory>
  <classpathElements>${project.testClasspathElements}</classpathElements>
  <compileSourceRoots>${project.testCompileSourceRoots}</compileSourceRoots>
  <compilerId default-value="javac">${maven.compiler.compilerId}</compilerId>
  <compilerVersion>${maven.compiler.compilerVersion}</compilerVersion>
  <debug default-value="true">${maven.compiler.debug}</debug>
  <encoding>${maven.compiler.encoding}</encoding>
  <executable>${maven.compiler.executable}</executable>
  <failOnError default-value="true">${maven.compiler.failOnError}</failOnError>
  <fork default-value="false"/>
  <maxmem>${maven.compiler.maxmem}</maxmem>
  <meminitial>${maven.compiler.meminitial}</meminitial>
  <optimize default-value="false">${maven.compiler.optimize}</optimize>
  <outputDirectory>${project.build.testOutputDirectory}</outputDirectory>
  <outputFileName>${project.build.finalName}</outputFileName>
  <showDeprecation default-value="false">${maven.compiler.showDeprecation}</showDeprecation>
  <showWarnings default-value="false">${maven.compiler.showWarnings}</showWarnings>
  <skip>${maven.test.skip}</skip>
  <source>${maven.compiler.source}</source>
  <staleMillis default-value="0">${lastModGranularityMs}</staleMillis>
  <target>${maven.compiler.target}</target>
  <verbose default-value="false">${maven.compiler.verbose}</verbose>
</configuration>
[DEBUG] -----------------------------------------------------------------------
[DEBUG] Goal:          org.apache.maven.plugins:maven-surefire-plugin:2.10:test (default-test)
[DEBUG] Style:         Regular
[DEBUG] Configuration: <?xml version="1.0" encoding="UTF-8"?>
<configuration>
  <argLine>${argLine}</argLine>
  <basedir default-value="${basedir}"/>
  <childDelegation default-value="false">${childDelegation}</childDelegation>
  <classesDirectory default-value="${project.build.outputDirectory}"/>
  <debugForkedProcess>${maven.surefire.debug}</debugForkedProcess>
  <disableXmlReport default-value="false">${disableXmlReport}</disableXmlReport>
  <enableAssertions default-value="true">${enableAssertions}</enableAssertions>
  <excludedGroups>${excludedGroups}</excludedGroups>
  <failIfNoTests>${failIfNoTests}</failIfNoTests>
  <forkMode default-value="once">${forkMode}</forkMode>
  <forkedProcessTimeoutInSeconds>${surefire.timeout}</forkedProcessTimeoutInSeconds>
  <groups>${groups}</groups>
  <junitArtifactName default-value="junit:junit">${junitArtifactName}</junitArtifactName>
  <jvm>${jvm}</jvm>
  <localRepository>${localRepository}</localRepository>
  <objectFactory>${objectFactory}</objectFactory>
  <parallel>${parallel}</parallel>
  <parallelMavenExecution default-value="${session.parallel}"/>
  <perCoreThreadCount default-value="true">${perCoreThreadCount}</perCoreThreadCount>
  <pluginArtifactMap>${plugin.artifactMap}</pluginArtifactMap>
  <printSummary default-value="true">${surefire.printSummary}</printSummary>
  <project default-value="${project}"/>
  <projectArtifactMap>${project.artifactMap}</projectArtifactMap>
  <redirectTestOutputToFile default-value="false">${maven.test.redirectTestOutputToFile}</redirectTestOutputToFile>
  <remoteRepositories>${project.pluginArtifactRepositories}</remoteRepositories>
  <reportFormat default-value="brief">${surefire.reportFormat}</reportFormat>
  <reportNameSuffix default-value="">${surefire.reportNameSuffix}</reportNameSuffix>
  <reportsDirectory default-value="${project.build.directory}/surefire-reports"/>
  <runOrder default-value="filesystem"/>
  <session>${session}</session>
  <skip default-value="false">${maven.test.skip}</skip>
  <skipExec>${maven.test.skip.exec}</skipExec>
  <skipTests default-value="false">${skipTests}</skipTests>
  <test>${test}</test>
  <testClassesDirectory default-value="${project.build.testOutputDirectory}"/>
  <testFailureIgnore default-value="false">${maven.test.failure.ignore}</testFailureIgnore>
  <testNGArtifactName default-value="org.testng:testng">${testNGArtifactName}</testNGArtifactName>
  <testSourceDirectory default-value="${project.build.testSourceDirectory}"/>
  <threadCount>${threadCount}</threadCount>
  <trimStackTrace default-value="true">${trimStackTrace}</trimStackTrace>
  <useFile default-value="true">${surefire.useFile}</useFile>
  <useManifestOnlyJar default-value="true">${surefire.useManifestOnlyJar}</useManifestOnlyJar>
  <useSystemClassLoader default-value="true">${surefire.useSystemClassLoader}</useSystemClassLoader>
  <useUnlimitedThreads default-value="false">${useUnlimitedThreads}</useUnlimitedThreads>
  <workingDirectory>${basedir}</workingDirectory>
</configuration>
[DEBUG] -----------------------------------------------------------------------
[DEBUG] Goal:          org.apache.maven.plugins:maven-jar-plugin:2.2:jar (default-jar)
[DEBUG] Style:         Regular
[DEBUG] Configuration: <?xml version="1.0" encoding="UTF-8"?>
<configuration>
  <classesDirectory>${project.build.outputDirectory}</classesDirectory>
  <defaultManifestFile>${project.build.outputDirectory}/META-INF/MANIFEST.MF</defaultManifestFile>
  <finalName default-value="${project.build.finalName}">${jar.finalName}</finalName>
  <forceCreation default-value="false">${jar.forceCreation}</forceCreation>
  <outputDirectory>${project.build.directory}</outputDirectory>
  <project>${project}</project>
  <useDefaultManifestFile default-value="false">${jar.useDefaultManifestFile}</useDefaultManifestFile>
</configuration>
[DEBUG] =======================================================================
[DEBUG] com.mycompany.app:my-app:jar:1.0-SNAPSHOT
[DEBUG]    junit:junit:jar:4.8.2:test
[DEBUG]    log4j:log4j:jar:1.2.17:compile
[DEBUG]    io.airbrake:airbrake-java:jar:2.2.8:compile
[DEBUG]       commons-logging:commons-logging:jar:1.1.1:compile
[INFO] 
[INFO] --- maven-resources-plugin:2.3:resources (default-resources) @ my-app ---
[DEBUG] Created new class realm maven.api
[DEBUG] Importing foreign packages into class realm maven.api
[DEBUG]   Imported: org.apache.maven.wagon.events < plexus.core
[DEBUG]   Imported: org.sonatype.aether.transfer < plexus.core
[DEBUG]   Imported: org.apache.maven.exception < plexus.core
[DEBUG]   Imported: org.sonatype.aether.metadata < plexus.core
[DEBUG]   Imported: org.codehaus.plexus.util.xml.Xpp3Dom < plexus.core
[DEBUG]   Imported: org.sonatype.aether.collection < plexus.core
[DEBUG]   Imported: org.sonatype.aether.version < plexus.core
[DEBUG]   Imported: org.apache.maven.monitor < plexus.core
[DEBUG]   Imported: org.apache.maven.wagon.repository < plexus.core
[DEBUG]   Imported: org.apache.maven.repository < plexus.core
[DEBUG]   Imported: org.apache.maven.wagon.resource < plexus.core
[DEBUG]   Imported: org.codehaus.plexus.logging < plexus.core
[DEBUG]   Imported: org.apache.maven.profiles < plexus.core
[DEBUG]   Imported: org.sonatype.aether.repository < plexus.core
[DEBUG]   Imported: org.apache.maven.classrealm < plexus.core
[DEBUG]   Imported: org.apache.maven.execution < plexus.core
[DEBUG]   Imported: org.sonatype.aether.artifact < plexus.core
[DEBUG]   Imported: org.sonatype.aether.spi < plexus.core
[DEBUG]   Imported: org.apache.maven.reporting < plexus.core
[DEBUG]   Imported: org.apache.maven.usability < plexus.core
[DEBUG]   Imported: org.codehaus.plexus.container < plexus.core
[DEBUG]   Imported: org.codehaus.plexus.component < plexus.core
[DEBUG]   Imported: org.codehaus.plexus.util.xml.pull.XmlSerializer < plexus.core
[DEBUG]   Imported: org.apache.maven.wagon.authentication < plexus.core
[DEBUG]   Imported: org.apache.maven.lifecycle < plexus.core
[DEBUG]   Imported: org.codehaus.plexus.classworlds < plexus.core
[DEBUG]   Imported: org.sonatype.aether.graph < plexus.core
[DEBUG]   Imported: org.sonatype.aether.* < plexus.core
[DEBUG]   Imported: org.apache.maven.settings < plexus.core
[DEBUG]   Imported: org.codehaus.classworlds < plexus.core
[DEBUG]   Imported: org.sonatype.aether.impl < plexus.core
[DEBUG]   Imported: org.apache.maven.wagon.* < plexus.core
[DEBUG]   Imported: org.apache.maven.toolchain < plexus.core
[DEBUG]   Imported: org.sonatype.aether.deployment < plexus.core
[DEBUG]   Imported: org.apache.maven.wagon.observers < plexus.core
[DEBUG]   Imported: org.codehaus.plexus.util.xml.pull.XmlPullParserException < plexus.core
[DEBUG]   Imported: org.codehaus.plexus.util.xml.pull.XmlPullParser < plexus.core
[DEBUG]   Imported: org.apache.maven.configuration < plexus.core
[DEBUG]   Imported: org.apache.maven.cli < plexus.core
[DEBUG]   Imported: org.sonatype.aether.installation < plexus.core
[DEBUG]   Imported: org.codehaus.plexus.context < plexus.core
[DEBUG]   Imported: org.apache.maven.wagon.authorization < plexus.core
[DEBUG]   Imported: org.apache.maven.project < plexus.core
[DEBUG]   Imported: org.apache.maven.rtinfo < plexus.core
[DEBUG]   Imported: org.codehaus.plexus.lifecycle < plexus.core
[DEBUG]   Imported: org.codehaus.plexus.configuration < plexus.core
[DEBUG]   Imported: org.apache.maven.artifact < plexus.core
[DEBUG]   Imported: org.apache.maven.model < plexus.core
[DEBUG]   Imported: org.apache.maven.* < plexus.core
[DEBUG]   Imported: org.apache.maven.wagon.proxy < plexus.core
[DEBUG]   Imported: org.sonatype.aether.resolution < plexus.core
[DEBUG]   Imported: org.apache.maven.plugin < plexus.core
[DEBUG]   Imported: org.codehaus.plexus.* < plexus.core
[DEBUG]   Imported: org.codehaus.plexus.personality < plexus.core
[DEBUG] Populating class realm maven.api
[DEBUG] org.apache.maven.plugins:maven-resources-plugin:jar:2.3:
[DEBUG]    org.apache.maven:maven-plugin-api:jar:2.0.6:compile
[DEBUG]    org.apache.maven:maven-project:jar:2.0.6:compile
[DEBUG]       org.apache.maven:maven-settings:jar:2.0.6:compile
[DEBUG]       org.apache.maven:maven-profile:jar:2.0.6:compile
[DEBUG]       org.apache.maven:maven-model:jar:2.0.6:compile
[DEBUG]       org.apache.maven:maven-artifact-manager:jar:2.0.6:compile
[DEBUG]          org.apache.maven:maven-repository-metadata:jar:2.0.6:compile
[DEBUG]       org.apache.maven:maven-plugin-registry:jar:2.0.6:compile
[DEBUG]       org.apache.maven:maven-artifact:jar:2.0.6:compile
[DEBUG]       org.codehaus.plexus:plexus-container-default:jar:1.0-alpha-9-stable-1:compile
[DEBUG]          junit:junit:jar:3.8.1:compile
[DEBUG]          classworlds:classworlds:jar:1.1-alpha-2:compile
[DEBUG]    org.codehaus.plexus:plexus-utils:jar:1.5.6:compile
[DEBUG]    org.apache.maven.shared:maven-filtering:jar:1.0-beta-2:compile
[DEBUG]       org.apache.maven:maven-core:jar:2.0.6:compile
[DEBUG]          org.apache.maven:maven-plugin-parameter-documenter:jar:2.0.6:compile
[DEBUG]          org.apache.maven.reporting:maven-reporting-api:jar:2.0.6:compile
[DEBUG]             org.apache.maven.doxia:doxia-sink-api:jar:1.0-alpha-7:compile
[DEBUG]          org.apache.maven:maven-error-diagnostics:jar:2.0.6:compile
[DEBUG]          commons-cli:commons-cli:jar:1.0:compile
[DEBUG]          org.apache.maven:maven-plugin-descriptor:jar:2.0.6:compile
[DEBUG]          org.codehaus.plexus:plexus-interactivity-api:jar:1.0-alpha-4:compile
[DEBUG]       org.apache.maven:maven-monitor:jar:2.0.6:compile
[DEBUG]       org.codehaus.plexus:plexus-interpolation:jar:1.6:compile
[DEBUG] Created new class realm plugin>org.apache.maven.plugins:maven-resources-plugin:2.3
[DEBUG] Importing foreign packages into class realm plugin>org.apache.maven.plugins:maven-resources-plugin:2.3
[DEBUG]   Imported:  < maven.api
[DEBUG] Populating class realm plugin>org.apache.maven.plugins:maven-resources-plugin:2.3
[DEBUG]   Included: org.apache.maven.plugins:maven-resources-plugin:jar:2.3
[DEBUG]   Included: junit:junit:jar:3.8.1
[DEBUG]   Included: org.codehaus.plexus:plexus-utils:jar:1.5.6
[DEBUG]   Included: org.apache.maven.shared:maven-filtering:jar:1.0-beta-2
[DEBUG]   Included: org.apache.maven.reporting:maven-reporting-api:jar:2.0.6
[DEBUG]   Included: org.apache.maven.doxia:doxia-sink-api:jar:1.0-alpha-7
[DEBUG]   Included: commons-cli:commons-cli:jar:1.0
[DEBUG]   Included: org.codehaus.plexus:plexus-interactivity-api:jar:1.0-alpha-4
[DEBUG]   Included: org.codehaus.plexus:plexus-interpolation:jar:1.6
[DEBUG]   Excluded: org.apache.maven:maven-plugin-api:jar:2.0.6
[DEBUG]   Excluded: org.apache.maven:maven-project:jar:2.0.6
[DEBUG]   Excluded: org.apache.maven:maven-settings:jar:2.0.6
[DEBUG]   Excluded: org.apache.maven:maven-profile:jar:2.0.6
[DEBUG]   Excluded: org.apache.maven:maven-model:jar:2.0.6
[DEBUG]   Excluded: org.apache.maven:maven-artifact-manager:jar:2.0.6
[DEBUG]   Excluded: org.apache.maven:maven-repository-metadata:jar:2.0.6
[DEBUG]   Excluded: org.apache.maven:maven-plugin-registry:jar:2.0.6
[DEBUG]   Excluded: org.apache.maven:maven-artifact:jar:2.0.6
[DEBUG]   Excluded: org.codehaus.plexus:plexus-container-default:jar:1.0-alpha-9-stable-1
[DEBUG]   Excluded: classworlds:classworlds:jar:1.1-alpha-2
[DEBUG]   Excluded: org.apache.maven:maven-core:jar:2.0.6
[DEBUG]   Excluded: org.apache.maven:maven-plugin-parameter-documenter:jar:2.0.6
[DEBUG]   Excluded: org.apache.maven:maven-error-diagnostics:jar:2.0.6
[DEBUG]   Excluded: org.apache.maven:maven-plugin-descriptor:jar:2.0.6
[DEBUG]   Excluded: org.apache.maven:maven-monitor:jar:2.0.6
[DEBUG] Configuring mojo org.apache.maven.plugins:maven-resources-plugin:2.3:resources from plugin realm ClassRealm[plugin>org.apache.maven.plugins:maven-resources-plugin:2.3, parent: sun.misc.Launcher$AppClassLoader@33909752]
[DEBUG] Configuring mojo 'org.apache.maven.plugins:maven-resources-plugin:2.3:resources' with basic configurator -->
[DEBUG]   (f) filters = []
[DEBUG]   (s) includeEmptyDirs = false
[DEBUG]   (s) outputDirectory = /home/java/my-app/target/classes
[DEBUG]   (s) overwrite = false
[DEBUG]   (f) project = MavenProject: com.mycompany.app:my-app:1.0-SNAPSHOT @ /home/java/my-app/pom.xml
[DEBUG]   (s) resources = [Resource {targetPath: null, filtering: false, FileSet {directory: /home/java/my-app/src/main/resources, PatternSet [includes: {}, excludes: {}]}}]
[DEBUG]   (f) session = org.apache.maven.execution.MavenSession@42721fe
[DEBUG] -- end configuration --
[DEBUG] properties used {java.vendor=Oracle Corporation, env.LESSOPEN=| /usr/bin/lesspipe %s, sun.java.launcher=SUN_STANDARD, sun.management.compiler=HotSpot 64-Bit Tiered Compilers, env.SUDO_COMMAND=/bin/bash, env.GEM_HOME=/usr/local/rvm/gems/ruby-2.0.0-p247, os.name=Linux, sun.boot.class.path=/usr/lib/jvm/java-8-oracle/jre/lib/resources.jar:/usr/lib/jvm/java-8-oracle/jre/lib/rt.jar:/usr/lib/jvm/java-8-oracle/jre/lib/sunrsasign.jar:/usr/lib/jvm/java-8-oracle/jre/lib/jsse.jar:/usr/lib/jvm/java-8-oracle/jre/lib/jce.jar:/usr/lib/jvm/java-8-oracle/jre/lib/charsets.jar:/usr/lib/jvm/java-8-oracle/jre/lib/jfr.jar:/usr/lib/jvm/java-8-oracle/jre/classes, env.PWD=/home/java/my-app, env.LANG=en_US.UTF-8, java.vm.specification.vendor=Oracle Corporation, java.runtime.version=1.8.0-ea-b106, env.MY_RUBY_HOME=/usr/local/rvm/rubies/ruby-2.0.0-p247, env.rvm_version=1.22.3 (stable), user.name=root, env._=/usr/bin/mvn, maven.build.version=Apache Maven 3.0.4, env.USER=root, env.SHELL=/bin/bash, env.NLSPATH=/usr/dt/lib/nls/msg/%L/%N.cat, env.PATH=/usr/local/rvm/gems/ruby-2.0.0-p247/bin:/usr/local/rvm/gems/ruby-2.0.0-p247@global/bin:/usr/local/rvm/rubies/ruby-2.0.0-p247/bin:/usr/local/rvm/bin:/usr/local/sbin:/usr/local/bin:/usr/sbin:/usr/bin:/sbin:/bin, user.language=en, env.rvm_prefix=/usr/local, sun.boot.library.path=/usr/lib/jvm/java-8-oracle/jre/lib/amd64, classworlds.conf=/usr/share/maven/bin/m2.conf, env.rvm_path=/usr/local/rvm, env.RUBY_VERSION=ruby-2.0.0-p247, java.version=1.8.0-ea, user.timezone=Etc/UTC, sun.arch.data.model=64, java.endorsed.dirs=/usr/lib/jvm/java-8-oracle/jre/lib/endorsed, sun.cpu.isalist=, sun.jnu.encoding=UTF-8, env.rvm_bin_path=/usr/local/rvm/bin, file.encoding.pkg=sun.io, env.SHLVL=1, file.separator=/, java.specification.name=Java Platform API Specification, java.class.version=52.0, user.country=US, java.home=/usr/lib/jvm/java-8-oracle/jre, java.vm.info=mixed mode, env.LOGNAME=root, os.version=3.8.0-26-generic, path.separator=:, java.vm.version=25.0-b48, env.IRBRC=/usr/local/rvm/rubies/ruby-2.0.0-p247/.irbrc, env.JAVA_HOME=/usr/lib/jvm/java-8-oracle, java.awt.printerjob=sun.print.PSPrinterJob, env.TERM=xterm-256color, sun.io.unicode.encoding=UnicodeLittle, env.SUDO_UID=1000, awt.toolkit=sun.awt.X11.XToolkit, env.GEM_PATH=/usr/local/rvm/gems/ruby-2.0.0-p247:/usr/local/rvm/gems/ruby-2.0.0-p247@global, user.home=/root, env.OLDPWD=/home/java/my-app, java.specification.vendor=Oracle Corporation, java.library.path=/usr/java/packages/lib/amd64:/usr/lib64:/lib64:/lib:/usr/lib, java.vendor.url=http://java.oracle.com/, java.vm.vendor=Oracle Corporation, maven.home=/usr/share/maven, java.runtime.name=Java(TM) SE Runtime Environment, sun.java.command=org.codehaus.plexus.classworlds.launcher.Launcher package -e -X -l build.out, java.class.path=/usr/share/maven/boot/plexus-classworlds-2.x.jar, maven.version=3.0.4, env.XFILESEARCHPATH=/usr/dt/app-defaults/%L/Dt, java.vm.specification.name=Java Virtual Machine Specification, java.vm.specification.version=1.8, sun.cpu.endian=little, sun.os.patch.level=unknown, env.HOME=/root, java.io.tmpdir=/tmp, env.LS_COLORS=rs=0:di=01;34:ln=01;36:mh=00:pi=40;33:so=01;35:do=01;35:bd=40;33;01:cd=40;33;01:or=40;31;01:su=37;41:sg=30;43:ca=30;41:tw=30;42:ow=34;42:st=37;44:ex=01;32:*.tar=01;31:*.tgz=01;31:*.arj=01;31:*.taz=01;31:*.lzh=01;31:*.lzma=01;31:*.tlz=01;31:*.txz=01;31:*.zip=01;31:*.z=01;31:*.Z=01;31:*.dz=01;31:*.gz=01;31:*.lz=01;31:*.xz=01;31:*.bz2=01;31:*.bz=01;31:*.tbz=01;31:*.tbz2=01;31:*.tz=01;31:*.deb=01;31:*.rpm=01;31:*.jar=01;31:*.war=01;31:*.ear=01;31:*.sar=01;31:*.rar=01;31:*.ace=01;31:*.zoo=01;31:*.cpio=01;31:*.7z=01;31:*.rz=01;31:*.jpg=01;35:*.jpeg=01;35:*.gif=01;35:*.bmp=01;35:*.pbm=01;35:*.pgm=01;35:*.ppm=01;35:*.tga=01;35:*.xbm=01;35:*.xpm=01;35:*.tif=01;35:*.tiff=01;35:*.png=01;35:*.svg=01;35:*.svgz=01;35:*.mng=01;35:*.pcx=01;35:*.mov=01;35:*.mpg=01;35:*.mpeg=01;35:*.m2v=01;35:*.mkv=01;35:*.webm=01;35:*.ogm=01;35:*.mp4=01;35:*.m4v=01;35:*.mp4v=01;35:*.vob=01;35:*.qt=01;35:*.nuv=01;35:*.wmv=01;35:*.asf=01;35:*.rm=01;35:*.rmvb=01;35:*.flc=01;35:*.avi=01;35:*.fli=01;35:*.flv=01;35:*.gl=01;35:*.dl=01;35:*.xcf=01;35:*.xwd=01;35:*.yuv=01;35:*.cgm=01;35:*.emf=01;35:*.axv=01;35:*.anx=01;35:*.ogv=01;35:*.ogx=01;35:*.aac=00;36:*.au=00;36:*.flac=00;36:*.mid=00;36:*.midi=00;36:*.mka=00;36:*.mp3=00;36:*.mpc=00;36:*.ogg=00;36:*.ra=00;36:*.wav=00;36:*.axa=00;36:*.oga=00;36:*.spx=00;36:*.xspf=00;36:, java.vendor.url.bug=http://bugreport.sun.com/bugreport/, java.awt.graphicsenv=sun.awt.X11GraphicsEnvironment, os.arch=amd64, java.ext.dirs=/usr/lib/jvm/java-8-oracle/jre/lib/ext:/usr/java/packages/lib/ext, env.SUDO_USER=c0nsole, user.dir=/home/java/my-app, line.separator=
, java.vm.name=Java HotSpot(TM) 64-Bit Server VM, env.USERNAME=root, file.encoding=UTF-8, env.MAIL=/var/mail/root, env.SUDO_GID=1001, java.specification.version=1.8, env.LESSCLOSE=/usr/bin/lesspipe %s %s}
[WARNING] Using platform encoding (UTF-8 actually) to copy filtered resources, i.e. build is platform dependent!
[DEBUG] resource with targetPath null
directory /home/java/my-app/src/main/resources
excludes []
includes []
[INFO] Copying 1 resource
[DEBUG] file log4j.properties.bak has a filtered file extension
[DEBUG] copy /home/java/my-app/src/main/resources/log4j.properties.bak to /home/java/my-app/target/classes/log4j.properties.bak
[INFO] 
[INFO] --- maven-compiler-plugin:2.0.2:compile (default-compile) @ my-app ---
[DEBUG] org.apache.maven.plugins:maven-compiler-plugin:jar:2.0.2:
[DEBUG]    org.apache.maven:maven-plugin-api:jar:2.0:compile
[DEBUG]    org.codehaus.plexus:plexus-utils:jar:1.0.4:compile
[DEBUG]    org.codehaus.plexus:plexus-compiler-api:jar:1.5.3:compile
[DEBUG]       org.codehaus.plexus:plexus-container-default:jar:1.0-alpha-8:compile
[DEBUG]          junit:junit:jar:3.8.1:compile
[DEBUG]          classworlds:classworlds:jar:1.1-alpha-2:compile
[DEBUG]    org.codehaus.plexus:plexus-compiler-manager:jar:1.5.3:compile
[DEBUG]    org.codehaus.plexus:plexus-compiler-javac:jar:1.5.3:runtime
[DEBUG]    org.apache.maven:maven-artifact:jar:2.0:compile
[DEBUG] Created new class realm plugin>org.apache.maven.plugins:maven-compiler-plugin:2.0.2
[DEBUG] Importing foreign packages into class realm plugin>org.apache.maven.plugins:maven-compiler-plugin:2.0.2
[DEBUG]   Imported:  < maven.api
[DEBUG] Populating class realm plugin>org.apache.maven.plugins:maven-compiler-plugin:2.0.2
[DEBUG]   Included: org.apache.maven.plugins:maven-compiler-plugin:jar:2.0.2
[DEBUG]   Included: org.codehaus.plexus:plexus-utils:jar:1.0.4
[DEBUG]   Included: org.codehaus.plexus:plexus-compiler-api:jar:1.5.3
[DEBUG]   Included: junit:junit:jar:3.8.1
[DEBUG]   Included: org.codehaus.plexus:plexus-compiler-manager:jar:1.5.3
[DEBUG]   Included: org.codehaus.plexus:plexus-compiler-javac:jar:1.5.3
[DEBUG]   Excluded: org.apache.maven:maven-plugin-api:jar:2.0
[DEBUG]   Excluded: org.codehaus.plexus:plexus-container-default:jar:1.0-alpha-8
[DEBUG]   Excluded: classworlds:classworlds:jar:1.1-alpha-2
[DEBUG]   Excluded: org.apache.maven:maven-artifact:jar:2.0
[DEBUG] Configuring mojo org.apache.maven.plugins:maven-compiler-plugin:2.0.2:compile from plugin realm ClassRealm[plugin>org.apache.maven.plugins:maven-compiler-plugin:2.0.2, parent: sun.misc.Launcher$AppClassLoader@33909752]
[DEBUG] Configuring mojo 'org.apache.maven.plugins:maven-compiler-plugin:2.0.2:compile' with basic configurator -->
[DEBUG]   (f) basedir = /home/java/my-app
[DEBUG]   (f) buildDirectory = /home/java/my-app/target
[DEBUG]   (f) classpathElements = [/home/java/my-app/target/classes, /root/.m2/repository/log4j/log4j/1.2.17/log4j-1.2.17.jar, /root/.m2/repository/io/airbrake/airbrake-java/2.2.8/airbrake-java-2.2.8.jar, /root/.m2/repository/commons-logging/commons-logging/1.1.1/commons-logging-1.1.1.jar]
[DEBUG]   (f) compileSourceRoots = [/home/java/my-app/src/main/java]
[DEBUG]   (f) compilerId = javac
[DEBUG]   (f) debug = true
[DEBUG]   (f) failOnError = true
[DEBUG]   (f) fork = false
[DEBUG]   (f) optimize = false
[DEBUG]   (f) outputDirectory = /home/java/my-app/target/classes
[DEBUG]   (f) outputFileName = my-app-1.0-SNAPSHOT
[DEBUG]   (f) projectArtifact = com.mycompany.app:my-app:jar:1.0-SNAPSHOT
[DEBUG]   (f) showDeprecation = false
[DEBUG]   (f) showWarnings = false
[DEBUG]   (f) staleMillis = 0
[DEBUG]   (f) verbose = false
[DEBUG] -- end configuration --
[DEBUG] Using compiler 'javac'.
[DEBUG] Source directories: [/home/java/my-app/src/main/java]
[DEBUG] Classpath: [/home/java/my-app/target/classes
 /root/.m2/repository/log4j/log4j/1.2.17/log4j-1.2.17.jar
 /root/.m2/repository/io/airbrake/airbrake-java/2.2.8/airbrake-java-2.2.8.jar
 /root/.m2/repository/commons-logging/commons-logging/1.1.1/commons-logging-1.1.1.jar]
[DEBUG] Output directory: /home/java/my-app/target/classes
[DEBUG] Classpath:
[DEBUG]  /home/java/my-app/target/classes
[DEBUG]  /root/.m2/repository/log4j/log4j/1.2.17/log4j-1.2.17.jar
[DEBUG]  /root/.m2/repository/io/airbrake/airbrake-java/2.2.8/airbrake-java-2.2.8.jar
[DEBUG]  /root/.m2/repository/commons-logging/commons-logging/1.1.1/commons-logging-1.1.1.jar
[DEBUG] Source roots:
[DEBUG]  /home/java/my-app/src/main/java
[INFO] Compiling 1 source file to /home/java/my-app/target/classes
[INFO] ------------------------------------------------------------------------
[INFO] BUILD FAILURE
[INFO] ------------------------------------------------------------------------
[INFO] Total time: 2.936s
[INFO] Finished at: Wed Sep 11 21:38:29 UTC 2013
[INFO] Final Memory: 10M/24M
[INFO] ------------------------------------------------------------------------
[ERROR] Failed to execute goal org.apache.maven.plugins:maven-compiler-plugin:2.0.2:compile (default-compile) on project my-app: Compilation failure: Compilation failure:
[ERROR] /home/java/my-app/src/main/java/com/mycompany/app/App.java:[13,8] error: cannot find symbol
[ERROR] 
[ERROR] could not parse error message:   symbol:   class AirbrakeNotice
[ERROR] location: class App
[ERROR] /home/java/my-app/src/main/java/com/mycompany/app/App.java:13: error: cannot find symbol
[ERROR] AirbrakeNotice notice = new AirbrakeNoticeBuilder(a8b0161715b87942960d418870616674, t, "env").newNotice();
[ERROR] ^
[ERROR] 
[ERROR] could not parse error message:   symbol:   class AirbrakeNoticeBuilder
[ERROR] location: class App
[ERROR] /home/java/my-app/src/main/java/com/mycompany/app/App.java:13: error: cannot find symbol
[ERROR] AirbrakeNotice notice = new AirbrakeNoticeBuilder(a8b0161715b87942960d418870616674, t, "env").newNotice();
[ERROR] ^
[ERROR] 
[ERROR] could not parse error message:   symbol:   variable a8b0161715b87942960d418870616674
[ERROR] location: class App
[ERROR] /home/java/my-app/src/main/java/com/mycompany/app/App.java:13: error: cannot find symbol
[ERROR] AirbrakeNotice notice = new AirbrakeNoticeBuilder(a8b0161715b87942960d418870616674, t, "env").newNotice();
[ERROR] ^
[ERROR] 
[ERROR] could not parse error message:   symbol:   variable t
[ERROR] location: class App
[ERROR] /home/java/my-app/src/main/java/com/mycompany/app/App.java:14: error: cannot find symbol
[ERROR] AirbrakeNotifier notifier = new AirbrakeNotifier();
[ERROR] ^
[ERROR] 
[ERROR] could not parse error message:   symbol:   class AirbrakeNotifier
[ERROR] location: class App
[ERROR] /home/java/my-app/src/main/java/com/mycompany/app/App.java:14: error: cannot find symbol
[ERROR] AirbrakeNotifier notifier = new AirbrakeNotifier();
[ERROR] ^
[ERROR] -> [Help 1]
org.apache.maven.lifecycle.LifecycleExecutionException: Failed to execute goal org.apache.maven.plugins:maven-compiler-plugin:2.0.2:compile (default-compile) on project my-app: Compilation failure
	at org.apache.maven.lifecycle.internal.MojoExecutor.execute(MojoExecutor.java:213)
	at org.apache.maven.lifecycle.internal.MojoExecutor.execute(MojoExecutor.java:153)
	at org.apache.maven.lifecycle.internal.MojoExecutor.execute(MojoExecutor.java:145)
	at org.apache.maven.lifecycle.internal.LifecycleModuleBuilder.buildProject(LifecycleModuleBuilder.java:84)
	at org.apache.maven.lifecycle.internal.LifecycleModuleBuilder.buildProject(LifecycleModuleBuilder.java:59)
	at org.apache.maven.lifecycle.internal.LifecycleStarter.singleThreadedBuild(LifecycleStarter.java:183)
	at org.apache.maven.lifecycle.internal.LifecycleStarter.execute(LifecycleStarter.java:161)
	at org.apache.maven.DefaultMaven.doExecute(DefaultMaven.java:320)
	at org.apache.maven.DefaultMaven.execute(DefaultMaven.java:156)
	at org.apache.maven.cli.MavenCli.execute(MavenCli.java:537)
	at org.apache.maven.cli.MavenCli.doMain(MavenCli.java:196)
	at org.apache.maven.cli.MavenCli.main(MavenCli.java:141)
	at sun.reflect.NativeMethodAccessorImpl.invoke0(Native Method)
	at sun.reflect.NativeMethodAccessorImpl.invoke(NativeMethodAccessorImpl.java:57)
	at sun.reflect.DelegatingMethodAccessorImpl.invoke(DelegatingMethodAccessorImpl.java:43)
	at java.lang.reflect.Method.invoke(Method.java:491)
	at org.codehaus.plexus.classworlds.launcher.Launcher.launchEnhanced(Launcher.java:290)
	at org.codehaus.plexus.classworlds.launcher.Launcher.launch(Launcher.java:230)
	at org.codehaus.plexus.classworlds.launcher.Launcher.mainWithExitCode(Launcher.java:409)
	at org.codehaus.plexus.classworlds.launcher.Launcher.main(Launcher.java:352)
Caused by: org.apache.maven.plugin.CompilationFailureException: Compilation failure
	at org.apache.maven.plugin.AbstractCompilerMojo.execute(AbstractCompilerMojo.java:516)
	at org.apache.maven.plugin.CompilerMojo.execute(CompilerMojo.java:114)
	at org.apache.maven.plugin.DefaultBuildPluginManager.executeMojo(DefaultBuildPluginManager.java:101)
	at org.apache.maven.lifecycle.internal.MojoExecutor.execute(MojoExecutor.java:209)
	... 19 more
[ERROR] 
[ERROR] 
[ERROR] For more information about the errors and possible solutions, please read the following articles:
[ERROR] [Help 1] http://cwiki.apache.org/confluence/display/MAVEN/MojoFailureException
